<?xml version="1.0" encoding="UTF-8"?>
<!-- Generated by org.testng.reporters.JUnitReportReporter -->
<testsuite hostname="vjasmitha-sa" failures="0" tests="1" name="ui.Assertions" time="8.840" errors="0" timestamp="2024-08-09T15:11:23 IST" skipped="0">
  <testcase classname="ui.Assertions" name="assertions" time="8.840"/>
  <system-out/>
</testsuite> <!-- ui.Assertions -->
