<?xml version="1.0" encoding="UTF-8"?>
<!-- Generated by org.testng.reporters.JUnitReportReporter -->
<testsuite hostname="vjasmitha-sa" failures="0" tests="2" name="ui.LoginTest" time="0.043" errors="0" timestamp="2024-08-09T15:08:48 IST" skipped="0">
  <testcase classname="ui.LoginTest" name="loginTest" time="0.012"/>
  <system-out/>
  <testcase classname="ui.LoginTest" name="logoutTest" time="0.031"/>
  <system-out/>
</testsuite> <!-- ui.LoginTest -->
